<?xml version="1.0" encoding="UTF-8"?>
<testsuite xmlns:xsi="http://www.w3.org/2001/XMLSchema-instance" xsi:noNamespaceSchemaLocation="https://maven.apache.org/surefire/maven-surefire-plugin/xsd/surefire-test-report-3.0.xsd" version="3.0" name="com.mirpurprint.loadshed.web.ScheduleControllerTest" time="2.719" tests="3" errors="0" skipped="0" failures="0">
  <properties>
[...]
</properties>
  <testcase name="movingAJobPastShopCloseIsRejectedWithAReason" classname="com.mirpurprint.loadshed.web.ScheduleControllerTest" time="0.717">
    <system-out><![CDATA[19:14:20.550 [main] INFO org.springframework.test.context.support.AnnotationConfigContextLoaderUtils -- Could not detect default configuration classes for test class [com.mirpurprint.loadshed.web.ScheduleControllerTest]: ScheduleControllerTest does not declare any static, non-private, non-final, nested classes annotated with @Configuration.
19:14:20.694 [main] INFO org.springframework.boot.test.context.SpringBootTestContextBootstrapper -- Found @SpringBootConfiguration com.mirpurprint.loadshed.LoadShedPlannerApplication for test class com.mirpurprint.loadshed.web.ScheduleControllerTest

  .   ____          _            __ _ _
 /\\ / ___'_ __ _ _(_)_ __  __ _ \ \ \ \
( ( )\___ | '_ | '_| | '_ \/ _` | \ \ \ \
 \\/  ___)| |_)| | | | | || (_| |  ) ) ) )
  '  |____| .__|_| |_|_| |_\__, | / / / /
 =========|_|==============|___/=/_/_/_/

 :: Spring Boot ::                (v3.3.4)

2026-08-30T19:14:21.100+06:00  INFO 94869 --- [loadshed-planner] [           main] c.m.loadshed.web.ScheduleControllerTest  : Starting ScheduleControllerTest using Java 25.0.4 with PID 94869 (started by phoenix in /home/phoenix/MavenProject/loadshed-planner)
2026-08-30T19:14:21.101+06:00  INFO 94869 --- [loadshed-planner] [           main] c.m.loadshed.web.ScheduleControllerTest  : No active profile set, falling back to 1 default profile: "default"
2026-08-30T19:14:22.067+06:00  INFO 94869 --- [loadshed-planner] [           main] o.s.b.a.w.s.WelcomePageHandlerMapping    : Adding welcome page: class path resource [static/index.html]
2026-08-30T19:14:22.315+06:00  INFO 94869 --- [loadshed-planner] [           main] o.s.b.t.m.w.SpringBootMockServletContext : Initializing Spring TestDispatcherServlet ''
2026-08-30T19:14:22.315+06:00  INFO 94869 --- [loadshed-planner] [           main] o.s.t.web.servlet.TestDispatcherServlet  : Initializing Servlet ''
2026-08-30T19:14:22.317+06:00  INFO 94869 --- [loadshed-planner] [           main] o.s.t.web.servlet.TestDispatcherServlet  : Completed initialization in 1 ms
2026-08-30T19:14:22.350+06:00  INFO 94869 --- [loadshed-planner] [           main] c.m.loadshed.web.ScheduleControllerTest  : Started ScheduleControllerTest in 1.534 seconds (process running for 2.495)
]]></system-out>
    <system-err><![CDATA[WARNING: A Java agent has been loaded dynamically (/home/phoenix/.m2/repository/net/bytebuddy/byte-buddy-agent/1.14.19/byte-buddy-agent-1.14.19.jar)
WARNING: If a serviceability tool is in use, please run with -XX:+EnableDynamicAgentLoading to hide this warning
WARNING: If a serviceability tool is not in use, please run with -Djdk.instrument.traceUsage for more information
WARNING: Dynamic loading of agents will be disallowed by default in a future release
]]></system-err>
  </testcase>
  <testcase name="movingAJobToAValidSlotReturnsTheUpdatedPlan" classname="com.mirpurprint.loadshed.web.ScheduleControllerTest" time="0.021"/>
  <testcase name="schedulingASimpleDayReturnsAValidPlan" classname="com.mirpurprint.loadshed.web.ScheduleControllerTest" time="0.014"/>
</testsuite>